Arguments: 
  /Users/jacquettab/.nvm/versions/node/v8.12.0/bin/node /usr/local/Cellar/yarn/1.16.0/libexec/bin/yarn.js add create react-app pintereach

PATH: 
  /Users/jacquettab/.nvm/versions/node/v8.12.0/bin:/Library/Frameworks/Python.framework/Versions/3.6/bin:/usr/local/bin:/usr/bin:/bin:/usr/sbin:/sbin:/Library/Frameworks/Mono.framework/Versions/Current/Commands

Yarn version: 
  1.16.0

Node version: 
  8.12.0

Platform: 
  darwin x64

Trace: 
  Error: https://registry.yarnpkg.com/pintereach: Not found
      at Request.params.callback [as _callback] (/usr/local/Cellar/yarn/1.16.0/libexec/lib/cli.js:66091:18)
      at Request.self.callback (/usr/local/Cellar/yarn/1.16.0/libexec/lib/cli.js:129590:22)
      at emitTwo (events.js:126:13)
      at Request.emit (events.js:214:7)
      at Request.<anonymous> (/usr/local/Cellar/yarn/1.16.0/libexec/lib/cli.js:130562:10)
      at emitOne (events.js:116:13)
      at Request.emit (events.js:211:7)
      at IncomingMessage.<anonymous> (/usr/local/Cellar/yarn/1.16.0/libexec/lib/cli.js:130484:12)
      at Object.onceWrapper (events.js:313:30)
      at emitNone (events.js:111:20)

npm manifest: 
  No manifest

yarn manifest: 
  No manifest

Lockfile: 
  No lockfile
